<?xml version="1.0" encoding="UTF-8"?>
<coverage generated="1694784095820" clover="3.2.0">
  <project timestamp="1694784095820" name="All files">
    <metrics statements="6" coveredstatements="6" conditionals="0" coveredconditionals="0" methods="3" coveredmethods="3" elements="9" coveredelements="9" complexity="0" loc="6" ncloc="6" packages="1" files="3" classes="3"/>
    <file name="filterInput.js" path="C:\Users\dell\OneDrive\Desktop\JestPractice\filterInput.js">
      <metrics statements="2" coveredstatements="2" conditionals="0" coveredconditionals="0" methods="1" coveredmethods="1"/>
      <line num="3" count="2" type="stmt"/>
      <line num="6" count="1" type="stmt"/>
    </file>
    <file name="say.js" path="C:\Users\dell\OneDrive\Desktop\JestPractice\say.js">
      <metrics statements="2" coveredstatements="2" conditionals="0" coveredconditionals="0" methods="1" coveredmethods="1"/>
      <line num="2" count="1" type="stmt"/>
      <line num="5" count="1" type="stmt"/>
    </file>
    <file name="sum.js" path="C:\Users\dell\OneDrive\Desktop\JestPractice\sum.js">
      <metrics statements="2" coveredstatements="2" conditionals="0" coveredconditionals="0" methods="1" coveredmethods="1"/>
      <line num="2" count="3" type="stmt"/>
      <line num="4" count="2" type="stmt"/>
    </file>
  </project>
</coverage>
