{"C:\\Users\\dell\\OneDrive\\Desktop\\JestPractice\\filterInput.js": {"path":"C:\\Users\\dell\\OneDrive\\Desktop\\JestPractice\\filterInput.js","statementMap":{"0":{"start":{"line":3,"column":4},"end":{"line":3,"column":24}},"1":{"start":{"line":6,"column":0},"end":{"line":6,"column":29}}},"fnMap":{"0":{"name":"filterInput","decl":{"start":{"line":2,"column":9},"end":{"line":2,"column":20}},"loc":{"start":{"line":2,"column":28},"end":{"line":4,"column":1}},"line":2}},"branchMap":{},"s":{"0":2,"1":1},"f":{"0":2},"b":{},"_coverageSchema":"1a1c01bbd47fc00a2c39e90264f33305004495a9","hash":"24760c2aa7827b8ce51a6917cbe0062eb83e41c0"}
,"C:\\Users\\dell\\OneDrive\\Desktop\\JestPractice\\say.js": {"path":"C:\\Users\\dell\\OneDrive\\Desktop\\JestPractice\\say.js","statementMap":{"0":{"start":{"line":2,"column":4},"end":{"line":2,"column":23}},"1":{"start":{"line":5,"column":0},"end":{"line":5,"column":26}}},"fnMap":{"0":{"name":"sayHello","decl":{"start":{"line":1,"column":9},"end":{"line":1,"column":17}},"loc":{"start":{"line":1,"column":20},"end":{"line":3,"column":1}},"line":1}},"branchMap":{},"s":{"0":1,"1":1},"f":{"0":1},"b":{},"_coverageSchema":"1a1c01bbd47fc00a2c39e90264f33305004495a9","hash":"6dda9e5c5b5d56554007c4cac786229254f257cc"}
,"C:\\Users\\dell\\OneDrive\\Desktop\\JestPractice\\sum.js": {"path":"C:\\Users\\dell\\OneDrive\\Desktop\\JestPractice\\sum.js","statementMap":{"0":{"start":{"line":2,"column":4},"end":{"line":2,"column":17}},"1":{"start":{"line":4,"column":0},"end":{"line":4,"column":21}}},"fnMap":{"0":{"name":"sum","decl":{"start":{"line":1,"column":9},"end":{"line":1,"column":12}},"loc":{"start":{"line":1,"column":19},"end":{"line":3,"column":1}},"line":1}},"branchMap":{},"s":{"0":3,"1":2},"f":{"0":3},"b":{},"_coverageSchema":"1a1c01bbd47fc00a2c39e90264f33305004495a9","hash":"19c62c9e12dc489c3f0554c6d22c12323497ed30"}
}
